tikle/utility-android_mo_smssender.git/build/outputs/logs/manifest-merger-debug-report.txt
-- Merging decision tree log ---
manifest
ADDED from utility-android_mo_smssender.git\AndroidManifest.xml:2:1-77:12
	xmlns:android
		ADDED from utility-android_mo_smssender.git\AndroidManifest.xml:2:11-69
	package
		ADDED from utility-android_mo_smssender.git\AndroidManifest.xml:3:5-30
	android:versionName
		ADDED from utility-android_mo_smssender.git\AndroidManifest.xml:5:5-30
		INJECTED from utility-android_mo_smssender.git\AndroidManifest.xml
		INJECTED from utility-android_mo_smssender.git\AndroidManifest.xml
	android:versionCode
		ADDED from utility-android_mo_smssender.git\AndroidManifest.xml:4:5-28
		INJECTED from utility-android_mo_smssender.git\AndroidManifest.xml
		INJECTED from utility-android_mo_smssender.git\AndroidManifest.xml
uses-sdk
ADDED from utility-android_mo_smssender.git\AndroidManifest.xml:7:5-9:41
MERGED from [com.android.support:multidex:1.0.1] AndroidManifest.xml:18:5-42
MERGED from [com.android.support:appcompat-v7:23.1.0] AndroidManifest.xml:20:5-43
MERGED from [com.android.support:support-v4:23.1.0] AndroidManifest.xml:20:5-43
MERGED from [com.android.support:design:23.1.0] AndroidManifest.xml:20:5-43
MERGED from [com.android.support:appcompat-v7:23.1.0] AndroidManifest.xml:20:5-43
MERGED from [com.android.support:support-v4:23.1.0] AndroidManifest.xml:20:5-43
MERGED from [com.android.support:recyclerview-v7:23.1.0] AndroidManifest.xml:20:5-43
MERGED from [com.android.support:support-v4:23.1.0] AndroidManifest.xml:20:5-43
MERGED from [com.android.support:support-v4:23.1.0] AndroidManifest.xml:20:5-43
	android:targetSdkVersion
		ADDED from utility-android_mo_smssender.git\AndroidManifest.xml:9:9-38
	android:minSdkVersion
		ADDED from utility-android_mo_smssender.git\AndroidManifest.xml:8:9-34
uses-permission#android.permission.RECEIVE_BOOT_COMPLETED
ADDED from utility-android_mo_smssender.git\AndroidManifest.xml:11:5-81
	android:name
		ADDED from utility-android_mo_smssender.git\AndroidManifest.xml:11:22-78
uses-permission#android.permission.SEND_SMS
ADDED from utility-android_mo_smssender.git\AndroidManifest.xml:12:5-67
	android:name
		ADDED from utility-android_mo_smssender.git\AndroidManifest.xml:12:22-64
uses-permission#android.permission.INTERNET
ADDED from utility-android_mo_smssender.git\AndroidManifest.xml:13:5-67
	android:name
		ADDED from utility-android_mo_smssender.git\AndroidManifest.xml:13:22-64
uses-permission#android.permission.WRITE_EXTERNAL_STORAGE
ADDED from utility-android_mo_smssender.git\AndroidManifest.xml:14:5-81
	android:name
		ADDED from utility-android_mo_smssender.git\AndroidManifest.xml:14:22-78
uses-permission#android.permission.READ_EXTERNAL_STORAGE
ADDED from utility-android_mo_smssender.git\AndroidManifest.xml:15:5-79
	android:name
		ADDED from utility-android_mo_smssender.git\AndroidManifest.xml:15:22-77
uses-permission#android.permission.ACCESS_NETWORK_STATE
ADDED from utility-android_mo_smssender.git\AndroidManifest.xml:16:5-79
	android:name
		ADDED from utility-android_mo_smssender.git\AndroidManifest.xml:16:22-76
uses-permission#android.permission.READ_PHONE_STATE
ADDED from utility-android_mo_smssender.git\AndroidManifest.xml:17:5-75
	android:name
		ADDED from utility-android_mo_smssender.git\AndroidManifest.xml:17:22-72
uses-permission#android.permission.RECEIVE_SMS
ADDED from utility-android_mo_smssender.git\AndroidManifest.xml:18:5-70
	android:name
		ADDED from utility-android_mo_smssender.git\AndroidManifest.xml:18:22-67
uses-permission#android.permission.READ_LOGS
ADDED from utility-android_mo_smssender.git\AndroidManifest.xml:19:5-68
	android:name
		ADDED from utility-android_mo_smssender.git\AndroidManifest.xml:19:22-65
application
ADDED from utility-android_mo_smssender.git\AndroidManifest.xml:21:5-75:19
MERGED from [com.android.support:appcompat-v7:23.1.0] AndroidManifest.xml:22:5-20
MERGED from [com.android.support:support-v4:23.1.0] AndroidManifest.xml:22:5-20
MERGED from [com.android.support:design:23.1.0] AndroidManifest.xml:22:5-20
MERGED from [com.android.support:appcompat-v7:23.1.0] AndroidManifest.xml:22:5-20
MERGED from [com.android.support:support-v4:23.1.0] AndroidManifest.xml:22:5-20
MERGED from [com.android.support:support-v4:23.1.0] AndroidManifest.xml:22:5-20
MERGED from [com.android.support:support-v4:23.1.0] AndroidManifest.xml:22:5-20
	android:label
		ADDED from utility-android_mo_smssender.git\AndroidManifest.xml:24:9-41
	android:allowBackup
		ADDED from utility-android_mo_smssender.git\AndroidManifest.xml:22:9-35
	android:icon
		ADDED from utility-android_mo_smssender.git\AndroidManifest.xml:23:9-45
	android:theme
		ADDED from utility-android_mo_smssender.git\AndroidManifest.xml:25:9-40
	android:name
		ADDED from utility-android_mo_smssender.git\AndroidManifest.xml:21:18-47
activity#com.tikle.mosms.MainActivity
ADDED from utility-android_mo_smssender.git\AndroidManifest.xml:26:9-34:20
	android:label
		ADDED from utility-android_mo_smssender.git\AndroidManifest.xml:28:13-45
	android:name
		ADDED from utility-android_mo_smssender.git\AndroidManifest.xml:27:13-41
intent-filter#android.intent.action.MAIN+android.intent.category.LAUNCHER
ADDED from utility-android_mo_smssender.git\AndroidManifest.xml:29:13-33:29
action#android.intent.action.MAIN
ADDED from utility-android_mo_smssender.git\AndroidManifest.xml:30:17-69
	android:name
		ADDED from utility-android_mo_smssender.git\AndroidManifest.xml:30:25-66
category#android.intent.category.LAUNCHER
ADDED from utility-android_mo_smssender.git\AndroidManifest.xml:32:17-77
	android:name
		ADDED from utility-android_mo_smssender.git\AndroidManifest.xml:32:27-74
receiver#com.tikle.mosms.AutoStart
ADDED from utility-android_mo_smssender.git\AndroidManifest.xml:36:9-44:20
	android:process
		ADDED from utility-android_mo_smssender.git\AndroidManifest.xml:39:13-47
	android:enabled
		ADDED from utility-android_mo_smssender.git\AndroidManifest.xml:38:13-35
	android:name
		ADDED from utility-android_mo_smssender.git\AndroidManifest.xml:37:13-53
intent-filter#android.intent.action.BOOT_COMPLETED
ADDED from utility-android_mo_smssender.git\AndroidManifest.xml:40:13-43:29
action#android.intent.action.BOOT_COMPLETED
ADDED from utility-android_mo_smssender.git\AndroidManifest.xml:41:17-79
	android:name
		ADDED from utility-android_mo_smssender.git\AndroidManifest.xml:41:25-76
receiver#com.tikle.mosms.SmsFilter
ADDED from utility-android_mo_smssender.git\AndroidManifest.xml:45:9-49:20
	android:name
		ADDED from utility-android_mo_smssender.git\AndroidManifest.xml:45:19-44
intent-filter#android.provider.Telephony.SMS_RECEIVED
ADDED from utility-android_mo_smssender.git\AndroidManifest.xml:46:13-48:29
	android:priority
		ADDED from utility-android_mo_smssender.git\AndroidManifest.xml:46:28-51
action#android.provider.Telephony.SMS_RECEIVED
ADDED from utility-android_mo_smssender.git\AndroidManifest.xml:47:17-82
	android:name
		ADDED from utility-android_mo_smssender.git\AndroidManifest.xml:47:25-79
receiver#com.tikle.mosms.SendSmsReceiver
ADDED from utility-android_mo_smssender.git\AndroidManifest.xml:50:9-56:20
	android:exported
		ADDED from utility-android_mo_smssender.git\AndroidManifest.xml:52:13-37
	android:name
		ADDED from utility-android_mo_smssender.git\AndroidManifest.xml:51:13-44
intent-filter#SMS_SENT
ADDED from utility-android_mo_smssender.git\AndroidManifest.xml:53:13-55:29
action#SMS_SENT
ADDED from utility-android_mo_smssender.git\AndroidManifest.xml:54:17-51
	android:name
		ADDED from utility-android_mo_smssender.git\AndroidManifest.xml:54:25-48
receiver#com.tikle.mosms.DeliverSmsReceiver
ADDED from utility-android_mo_smssender.git\AndroidManifest.xml:57:9-63:20
	android:exported
		ADDED from utility-android_mo_smssender.git\AndroidManifest.xml:59:13-37
	android:name
		ADDED from utility-android_mo_smssender.git\AndroidManifest.xml:58:13-47
intent-filter#SMS_DELIVERED
ADDED from utility-android_mo_smssender.git\AndroidManifest.xml:60:13-62:29
action#SMS_DELIVERED
ADDED from utility-android_mo_smssender.git\AndroidManifest.xml:61:17-56
	android:name
		ADDED from utility-android_mo_smssender.git\AndroidManifest.xml:61:25-53
receiver#com.tikle.mosms.AlarmReceiver
ADDED from utility-android_mo_smssender.git\AndroidManifest.xml:64:9-66:50
	android:process
		ADDED from utility-android_mo_smssender.git\AndroidManifest.xml:66:13-47
	android:name
		ADDED from utility-android_mo_smssender.git\AndroidManifest.xml:65:13-42
service#com.tikle.mosms.SenderService
ADDED from utility-android_mo_smssender.git\AndroidManifest.xml:68:9-70:50
	android:process
		ADDED from utility-android_mo_smssender.git\AndroidManifest.xml:70:13-47
	android:name
		ADDED from utility-android_mo_smssender.git\AndroidManifest.xml:69:13-42
service#com.tikle.mosms.CheckUrlService
ADDED from utility-android_mo_smssender.git\AndroidManifest.xml:71:9-74:50
	android:process
		ADDED from utility-android_mo_smssender.git\AndroidManifest.xml:74:13-47
	android:enabled
		ADDED from utility-android_mo_smssender.git\AndroidManifest.xml:73:13-35
	android:name
		ADDED from utility-android_mo_smssender.git\AndroidManifest.xml:72:13-44